{"contracts\\examples\\cube3D_GZIP_BASE64\\Cube3D_GZIP_BASE64.sol":{"l":{"17":3,"18":3,"19":3,"23":3,"29":1,"30":1,"31":1,"32":1,"34":1,"35":1,"36":1,"38":1,"39":1,"40":1,"42":1,"43":1,"44":1,"46":1,"47":1,"48":1,"49":1,"51":1,"52":1,"53":1,"55":1,"59":1,"65":1,"77":1},"path":"C:\\Users\\Tom\\Documents\\cryptocurrency work\\labz\\scripty_public\\contracts\\examples\\cube3D_GZIP_BASE64\\Cube3D_GZIP_BASE64.sol","s":{"1":3,"2":3,"3":3,"4":3,"5":1,"6":1,"7":1,"8":1,"9":1,"10":1,"11":1,"12":1,"13":1,"14":1,"15":1,"16":1,"17":1,"18":1,"19":1,"20":1,"21":1,"22":1,"23":1,"24":1,"25":1,"26":1,"27":1,"28":1},"b":{},"f":{"1":3,"2":3,"3":1,"4":1},"fnMap":{"1":{"name":"constructor","line":16,"loc":{"start":{"line":13,"column":4},"end":{"line":20,"column":4}}},"2":{"name":"mint","line":22,"loc":{"start":{"line":22,"column":4},"end":{"line":24,"column":4}}},"3":{"name":"tokenURI","line":26,"loc":{"start":{"line":26,"column":4},"end":{"line":72,"column":4}}},"4":{"name":"tokenURI_ForGasTest","line":76,"loc":{"start":{"line":76,"column":4},"end":{"line":78,"column":4}}}},"statementMap":{"1":{"start":{"line":17,"column":8},"end":{"line":17,"column":53}},"2":{"start":{"line":18,"column":8},"end":{"line":18,"column":53}},"3":{"start":{"line":19,"column":8},"end":{"line":19,"column":13}},"4":{"start":{"line":23,"column":8},"end":{"line":23,"column":31}},"5":{"start":{"line":29,"column":8},"end":{"line":29,"column":70}},"6":{"start":{"line":30,"column":8},"end":{"line":30,"column":45}},"7":{"start":{"line":31,"column":8},"end":{"line":31,"column":36}},"8":{"start":{"line":32,"column":8},"end":{"line":32,"column":64}},"9":{"start":{"line":34,"column":8},"end":{"line":34,"column":49}},"10":{"start":{"line":35,"column":8},"end":{"line":35,"column":36}},"11":{"start":{"line":36,"column":8},"end":{"line":36,"column":64}},"12":{"start":{"line":38,"column":8},"end":{"line":38,"column":53}},"13":{"start":{"line":39,"column":8},"end":{"line":39,"column":36}},"14":{"start":{"line":40,"column":8},"end":{"line":40,"column":64}},"15":{"start":{"line":42,"column":8},"end":{"line":42,"column":45}},"16":{"start":{"line":43,"column":8},"end":{"line":43,"column":36}},"17":{"start":{"line":44,"column":8},"end":{"line":44,"column":64}},"18":{"start":{"line":46,"column":8},"end":{"line":46,"column":64}},"19":{"start":{"line":47,"column":8},"end":{"line":47,"column":42}},"20":{"start":{"line":48,"column":8},"end":{"line":48,"column":186}},"21":{"start":{"line":49,"column":8},"end":{"line":49,"column":44}},"22":{"start":{"line":51,"column":8},"end":{"line":51,"column":38}},"23":{"start":{"line":52,"column":8},"end":{"line":52,"column":46}},"24":{"start":{"line":53,"column":8},"end":{"line":53,"column":50}},"25":{"start":{"line":55,"column":8},"end":{"line":55,"column":2347}},"26":{"start":{"line":59,"column":8},"end":{"line":59,"column":2464}},"27":{"start":{"line":65,"column":8},"end":{"line":65,"column":2796}},"28":{"start":{"line":77,"column":8},"end":{"line":77,"column":26}}},"branchMap":{}},"contracts\\examples\\cube3D_GZIP_URLSafe\\Cube3D_GZIP_URLSafe.sol":{"l":{"22":3,"23":3,"24":3,"28":3,"34":1,"35":1,"36":1,"37":1,"39":1,"40":1,"41":1,"43":1,"44":1,"45":1,"47":1,"48":1,"49":1,"55":1,"56":1,"57":1,"58":1,"60":1,"61":1,"62":1,"64":1,"68":1,"86":1},"path":"C:\\Users\\Tom\\Documents\\cryptocurrency work\\labz\\scripty_public\\contracts\\examples\\cube3D_GZIP_URLSafe\\Cube3D_GZIP_URLSafe.sol","s":{"1":3,"2":3,"3":3,"4":3,"5":1,"6":1,"7":1,"8":1,"9":1,"10":1,"11":1,"12":1,"13":1,"14":1,"15":1,"16":1,"17":1,"18":1,"19":1,"20":1,"21":1,"22":1,"23":1,"24":1,"25":1,"26":1,"27":1},"b":{},"f":{"1":3,"2":3,"3":1,"4":1},"fnMap":{"1":{"name":"constructor","line":21,"loc":{"start":{"line":18,"column":4},"end":{"line":25,"column":4}}},"2":{"name":"mint","line":27,"loc":{"start":{"line":27,"column":4},"end":{"line":29,"column":4}}},"3":{"name":"tokenURI","line":31,"loc":{"start":{"line":31,"column":4},"end":{"line":81,"column":4}}},"4":{"name":"tokenURI_ForGasTest","line":85,"loc":{"start":{"line":85,"column":4},"end":{"line":87,"column":4}}}},"statementMap":{"1":{"start":{"line":22,"column":8},"end":{"line":22,"column":53}},"2":{"start":{"line":23,"column":8},"end":{"line":23,"column":53}},"3":{"start":{"line":24,"column":8},"end":{"line":24,"column":13}},"4":{"start":{"line":28,"column":8},"end":{"line":28,"column":31}},"5":{"start":{"line":34,"column":8},"end":{"line":34,"column":70}},"6":{"start":{"line":35,"column":8},"end":{"line":35,"column":45}},"7":{"start":{"line":36,"column":8},"end":{"line":36,"column":36}},"8":{"start":{"line":37,"column":8},"end":{"line":37,"column":64}},"9":{"start":{"line":39,"column":8},"end":{"line":39,"column":49}},"10":{"start":{"line":40,"column":8},"end":{"line":40,"column":36}},"11":{"start":{"line":41,"column":8},"end":{"line":41,"column":64}},"12":{"start":{"line":43,"column":8},"end":{"line":43,"column":53}},"13":{"start":{"line":44,"column":8},"end":{"line":44,"column":36}},"14":{"start":{"line":45,"column":8},"end":{"line":45,"column":64}},"15":{"start":{"line":47,"column":8},"end":{"line":47,"column":45}},"16":{"start":{"line":48,"column":8},"end":{"line":48,"column":36}},"17":{"start":{"line":49,"column":8},"end":{"line":49,"column":64}},"18":{"start":{"line":55,"column":8},"end":{"line":55,"column":64}},"19":{"start":{"line":56,"column":8},"end":{"line":56,"column":50}},"20":{"start":{"line":57,"column":8},"end":{"line":57,"column":302}},"21":{"start":{"line":58,"column":8},"end":{"line":58,"column":56}},"22":{"start":{"line":60,"column":8},"end":{"line":60,"column":38}},"23":{"start":{"line":61,"column":8},"end":{"line":61,"column":46}},"24":{"start":{"line":62,"column":8},"end":{"line":62,"column":50}},"25":{"start":{"line":64,"column":8},"end":{"line":64,"column":2746}},"26":{"start":{"line":68,"column":8},"end":{"line":68,"column":2870}},"27":{"start":{"line":86,"column":8},"end":{"line":86,"column":26}}},"branchMap":{}},"contracts\\examples\\cube3D_PNG_URLSafe\\Cube3D_PNG_URLSafe_CustomWrap.sol":{"l":{"22":0,"23":0,"24":0,"28":0,"34":0,"35":0,"36":0,"37":0,"39":0,"40":0,"44":0,"46":0,"47":0,"49":0,"50":0,"51":0,"53":0,"54":0,"55":0,"61":0,"62":0,"63":0,"64":0,"66":0,"67":0,"68":0,"70":0,"74":0},"path":"C:\\Users\\Tom\\Documents\\cryptocurrency work\\labz\\scripty_public\\contracts\\examples\\cube3D_PNG_URLSafe\\Cube3D_PNG_URLSafe_CustomWrap.sol","s":{"1":0,"2":0,"3":0,"4":0,"5":0,"6":0,"7":0,"8":0,"9":0,"10":0,"11":0,"12":0,"13":0,"14":0,"15":0,"16":0,"17":0,"18":0,"19":0,"20":0,"21":0,"22":0,"23":0,"24":0,"25":0,"26":0,"27":0,"28":0},"b":{},"f":{"1":0,"2":0,"3":0},"fnMap":{"1":{"name":"constructor","line":21,"loc":{"start":{"line":18,"column":4},"end":{"line":25,"column":4}}},"2":{"name":"mint","line":27,"loc":{"start":{"line":27,"column":4},"end":{"line":29,"column":4}}},"3":{"name":"tokenURI","line":31,"loc":{"start":{"line":31,"column":4},"end":{"line":87,"column":4}}}},"statementMap":{"1":{"start":{"line":22,"column":8},"end":{"line":22,"column":53}},"2":{"start":{"line":23,"column":8},"end":{"line":23,"column":53}},"3":{"start":{"line":24,"column":8},"end":{"line":24,"column":13}},"4":{"start":{"line":28,"column":8},"end":{"line":28,"column":31}},"5":{"start":{"line":34,"column":8},"end":{"line":34,"column":70}},"6":{"start":{"line":35,"column":8},"end":{"line":35,"column":45}},"7":{"start":{"line":36,"column":8},"end":{"line":36,"column":36}},"8":{"start":{"line":37,"column":8},"end":{"line":37,"column":64}},"9":{"start":{"line":39,"column":8},"end":{"line":39,"column":52}},"10":{"start":{"line":40,"column":8},"end":{"line":40,"column":36}},"11":{"start":{"line":44,"column":8},"end":{"line":44,"column":1596}},"12":{"start":{"line":46,"column":8},"end":{"line":46,"column":69}},"13":{"start":{"line":47,"column":8},"end":{"line":47,"column":64}},"14":{"start":{"line":49,"column":8},"end":{"line":49,"column":56}},"15":{"start":{"line":50,"column":8},"end":{"line":50,"column":36}},"16":{"start":{"line":51,"column":8},"end":{"line":51,"column":64}},"17":{"start":{"line":53,"column":8},"end":{"line":53,"column":40}},"18":{"start":{"line":54,"column":8},"end":{"line":54,"column":36}},"19":{"start":{"line":55,"column":8},"end":{"line":55,"column":64}},"20":{"start":{"line":61,"column":8},"end":{"line":61,"column":64}},"21":{"start":{"line":62,"column":8},"end":{"line":62,"column":50}},"22":{"start":{"line":63,"column":8},"end":{"line":63,"column":302}},"23":{"start":{"line":64,"column":8},"end":{"line":64,"column":56}},"24":{"start":{"line":66,"column":8},"end":{"line":66,"column":38}},"25":{"start":{"line":67,"column":8},"end":{"line":67,"column":46}},"26":{"start":{"line":68,"column":8},"end":{"line":68,"column":50}},"27":{"start":{"line":70,"column":8},"end":{"line":70,"column":3061}},"28":{"start":{"line":74,"column":8},"end":{"line":74,"column":3185}}},"branchMap":{}},"contracts\\examples\\cube3D_PNG_URLSafe\\Cube3D_PNG_URLSafe.sol":{"l":{"22":3,"23":3,"24":3,"28":3,"34":1,"35":1,"36":1,"37":1,"39":1,"40":1,"41":1,"43":1,"44":1,"45":1,"47":1,"48":1,"49":1,"55":1,"56":1,"57":1,"58":1,"60":1,"61":1,"62":1,"64":1,"68":1,"86":1},"path":"C:\\Users\\Tom\\Documents\\cryptocurrency work\\labz\\scripty_public\\contracts\\examples\\cube3D_PNG_URLSafe\\Cube3D_PNG_URLSafe.sol","s":{"1":3,"2":3,"3":3,"4":3,"5":1,"6":1,"7":1,"8":1,"9":1,"10":1,"11":1,"12":1,"13":1,"14":1,"15":1,"16":1,"17":1,"18":1,"19":1,"20":1,"21":1,"22":1,"23":1,"24":1,"25":1,"26":1,"27":1},"b":{},"f":{"1":3,"2":3,"3":1,"4":1},"fnMap":{"1":{"name":"constructor","line":21,"loc":{"start":{"line":18,"column":4},"end":{"line":25,"column":4}}},"2":{"name":"mint","line":27,"loc":{"start":{"line":27,"column":4},"end":{"line":29,"column":4}}},"3":{"name":"tokenURI","line":31,"loc":{"start":{"line":31,"column":4},"end":{"line":81,"column":4}}},"4":{"name":"tokenURI_ForGasTest","line":85,"loc":{"start":{"line":85,"column":4},"end":{"line":87,"column":4}}}},"statementMap":{"1":{"start":{"line":22,"column":8},"end":{"line":22,"column":53}},"2":{"start":{"line":23,"column":8},"end":{"line":23,"column":53}},"3":{"start":{"line":24,"column":8},"end":{"line":24,"column":13}},"4":{"start":{"line":28,"column":8},"end":{"line":28,"column":31}},"5":{"start":{"line":34,"column":8},"end":{"line":34,"column":70}},"6":{"start":{"line":35,"column":8},"end":{"line":35,"column":45}},"7":{"start":{"line":36,"column":8},"end":{"line":36,"column":36}},"8":{"start":{"line":37,"column":8},"end":{"line":37,"column":64}},"9":{"start":{"line":39,"column":8},"end":{"line":39,"column":52}},"10":{"start":{"line":40,"column":8},"end":{"line":40,"column":36}},"11":{"start":{"line":41,"column":8},"end":{"line":41,"column":64}},"12":{"start":{"line":43,"column":8},"end":{"line":43,"column":56}},"13":{"start":{"line":44,"column":8},"end":{"line":44,"column":36}},"14":{"start":{"line":45,"column":8},"end":{"line":45,"column":64}},"15":{"start":{"line":47,"column":8},"end":{"line":47,"column":40}},"16":{"start":{"line":48,"column":8},"end":{"line":48,"column":36}},"17":{"start":{"line":49,"column":8},"end":{"line":49,"column":64}},"18":{"start":{"line":55,"column":8},"end":{"line":55,"column":64}},"19":{"start":{"line":56,"column":8},"end":{"line":56,"column":50}},"20":{"start":{"line":57,"column":8},"end":{"line":57,"column":302}},"21":{"start":{"line":58,"column":8},"end":{"line":58,"column":56}},"22":{"start":{"line":60,"column":8},"end":{"line":60,"column":38}},"23":{"start":{"line":61,"column":8},"end":{"line":61,"column":46}},"24":{"start":{"line":62,"column":8},"end":{"line":62,"column":50}},"25":{"start":{"line":64,"column":8},"end":{"line":64,"column":2745}},"26":{"start":{"line":68,"column":8},"end":{"line":68,"column":2869}},"27":{"start":{"line":86,"column":8},"end":{"line":86,"column":26}}},"branchMap":{}},"contracts\\examples\\EthFS_P5\\EthFS_P5_URLSafe.sol":{"l":{"24":0,"25":0,"26":0,"27":0,"31":0,"37":0,"38":0,"39":0,"40":0,"42":0,"43":0,"44":0,"46":0,"47":0,"48":0,"50":0,"51":0,"52":0,"58":0,"59":0,"60":0,"61":0,"63":0,"64":0,"65":0,"67":0,"71":0},"path":"C:\\Users\\Tom\\Documents\\cryptocurrency work\\labz\\scripty_public\\contracts\\examples\\EthFS_P5\\EthFS_P5_URLSafe.sol","s":{"1":0,"2":0,"3":0,"4":0,"5":0,"6":0,"7":0,"8":0,"9":0,"10":0,"11":0,"12":0,"13":0,"14":0,"15":0,"16":0,"17":0,"18":0,"19":0,"20":0,"21":0,"22":0,"23":0,"24":0,"25":0,"26":0,"27":0},"b":{},"f":{"1":0,"2":0,"3":0},"fnMap":{"1":{"name":"constructor","line":23,"loc":{"start":{"line":19,"column":4},"end":{"line":28,"column":4}}},"2":{"name":"mint","line":30,"loc":{"start":{"line":30,"column":4},"end":{"line":32,"column":4}}},"3":{"name":"tokenURI","line":34,"loc":{"start":{"line":34,"column":4},"end":{"line":84,"column":4}}}},"statementMap":{"1":{"start":{"line":24,"column":8},"end":{"line":24,"column":57}},"2":{"start":{"line":25,"column":8},"end":{"line":25,"column":53}},"3":{"start":{"line":26,"column":8},"end":{"line":26,"column":53}},"4":{"start":{"line":27,"column":8},"end":{"line":27,"column":13}},"5":{"start":{"line":31,"column":8},"end":{"line":31,"column":31}},"6":{"start":{"line":37,"column":8},"end":{"line":37,"column":70}},"7":{"start":{"line":38,"column":8},"end":{"line":38,"column":45}},"8":{"start":{"line":39,"column":8},"end":{"line":39,"column":36}},"9":{"start":{"line":40,"column":8},"end":{"line":40,"column":64}},"10":{"start":{"line":42,"column":8},"end":{"line":42,"column":53}},"11":{"start":{"line":43,"column":8},"end":{"line":43,"column":36}},"12":{"start":{"line":44,"column":8},"end":{"line":44,"column":66}},"13":{"start":{"line":46,"column":8},"end":{"line":46,"column":56}},"14":{"start":{"line":47,"column":8},"end":{"line":47,"column":36}},"15":{"start":{"line":48,"column":8},"end":{"line":48,"column":66}},"16":{"start":{"line":50,"column":8},"end":{"line":50,"column":48}},"17":{"start":{"line":51,"column":8},"end":{"line":51,"column":36}},"18":{"start":{"line":52,"column":8},"end":{"line":52,"column":64}},"19":{"start":{"line":58,"column":8},"end":{"line":58,"column":64}},"20":{"start":{"line":59,"column":8},"end":{"line":59,"column":50}},"21":{"start":{"line":60,"column":8},"end":{"line":60,"column":302}},"22":{"start":{"line":61,"column":8},"end":{"line":61,"column":56}},"23":{"start":{"line":63,"column":8},"end":{"line":63,"column":38}},"24":{"start":{"line":64,"column":8},"end":{"line":64,"column":46}},"25":{"start":{"line":65,"column":8},"end":{"line":65,"column":50}},"26":{"start":{"line":67,"column":8},"end":{"line":67,"column":2951}},"27":{"start":{"line":71,"column":8},"end":{"line":71,"column":3075}}},"branchMap":{}},"contracts\\examples\\EthFS_P5\\EthFS_P5.sol":{"l":{"24":0,"25":0,"26":0,"27":0,"31":0,"37":0,"38":0,"39":0,"40":0,"42":0,"43":0,"44":0,"46":0,"47":0,"48":0,"50":0,"51":0,"52":0,"54":0,"55":0,"56":0,"57":0,"59":0,"60":0,"61":0,"63":0,"67":0,"73":0},"path":"C:\\Users\\Tom\\Documents\\cryptocurrency work\\labz\\scripty_public\\contracts\\examples\\EthFS_P5\\EthFS_P5.sol","s":{"1":0,"2":0,"3":0,"4":0,"5":0,"6":0,"7":0,"8":0,"9":0,"10":0,"11":0,"12":0,"13":0,"14":0,"15":0,"16":0,"17":0,"18":0,"19":0,"20":0,"21":0,"22":0,"23":0,"24":0,"25":0,"26":0,"27":0,"28":0},"b":{},"f":{"1":0,"2":0,"3":0},"fnMap":{"1":{"name":"constructor","line":23,"loc":{"start":{"line":19,"column":4},"end":{"line":28,"column":4}}},"2":{"name":"mint","line":30,"loc":{"start":{"line":30,"column":4},"end":{"line":32,"column":4}}},"3":{"name":"tokenURI","line":34,"loc":{"start":{"line":34,"column":4},"end":{"line":80,"column":4}}}},"statementMap":{"1":{"start":{"line":24,"column":8},"end":{"line":24,"column":57}},"2":{"start":{"line":25,"column":8},"end":{"line":25,"column":53}},"3":{"start":{"line":26,"column":8},"end":{"line":26,"column":53}},"4":{"start":{"line":27,"column":8},"end":{"line":27,"column":13}},"5":{"start":{"line":31,"column":8},"end":{"line":31,"column":31}},"6":{"start":{"line":37,"column":8},"end":{"line":37,"column":70}},"7":{"start":{"line":38,"column":8},"end":{"line":38,"column":45}},"8":{"start":{"line":39,"column":8},"end":{"line":39,"column":36}},"9":{"start":{"line":40,"column":8},"end":{"line":40,"column":64}},"10":{"start":{"line":42,"column":8},"end":{"line":42,"column":53}},"11":{"start":{"line":43,"column":8},"end":{"line":43,"column":36}},"12":{"start":{"line":44,"column":8},"end":{"line":44,"column":66}},"13":{"start":{"line":46,"column":8},"end":{"line":46,"column":56}},"14":{"start":{"line":47,"column":8},"end":{"line":47,"column":36}},"15":{"start":{"line":48,"column":8},"end":{"line":48,"column":66}},"16":{"start":{"line":50,"column":8},"end":{"line":50,"column":48}},"17":{"start":{"line":51,"column":8},"end":{"line":51,"column":36}},"18":{"start":{"line":52,"column":8},"end":{"line":52,"column":64}},"19":{"start":{"line":54,"column":8},"end":{"line":54,"column":64}},"20":{"start":{"line":55,"column":8},"end":{"line":55,"column":42}},"21":{"start":{"line":56,"column":8},"end":{"line":56,"column":186}},"22":{"start":{"line":57,"column":8},"end":{"line":57,"column":44}},"23":{"start":{"line":59,"column":8},"end":{"line":59,"column":38}},"24":{"start":{"line":60,"column":8},"end":{"line":60,"column":46}},"25":{"start":{"line":61,"column":8},"end":{"line":61,"column":50}},"26":{"start":{"line":63,"column":8},"end":{"line":63,"column":2579}},"27":{"start":{"line":67,"column":8},"end":{"line":67,"column":2696}},"28":{"start":{"line":73,"column":8},"end":{"line":73,"column":3066}}},"branchMap":{}},"contracts\\examples\\randomShapes\\RandomShapes.sol":{"l":{"23":0,"24":0,"25":0,"29":0,"35":0,"36":0,"37":0,"39":0,"40":0,"42":0,"43":0,"45":0,"46":0,"48":0,"51":0,"55":0,"62":0,"64":0,"65":0,"66":0,"67":0,"69":0,"70":0,"71":0,"73":0,"77":0,"83":0},"path":"C:\\Users\\Tom\\Documents\\cryptocurrency work\\labz\\scripty_public\\contracts\\examples\\randomShapes\\RandomShapes.sol","s":{"1":0,"2":0,"3":0,"4":0,"5":0,"6":0,"7":0,"8":0,"9":0,"10":0,"11":0,"12":0,"13":0,"14":0,"15":0,"16":0,"17":0,"18":0,"19":0,"20":0,"21":0,"22":0,"23":0,"24":0,"25":0,"26":0,"27":0},"b":{},"f":{"1":0,"2":0,"3":0},"fnMap":{"1":{"name":"constructor","line":22,"loc":{"start":{"line":19,"column":4},"end":{"line":26,"column":4}}},"2":{"name":"mint","line":28,"loc":{"start":{"line":28,"column":4},"end":{"line":30,"column":4}}},"3":{"name":"tokenURI","line":32,"loc":{"start":{"line":32,"column":4},"end":{"line":90,"column":4}}}},"statementMap":{"1":{"start":{"line":23,"column":8},"end":{"line":23,"column":53}},"2":{"start":{"line":24,"column":8},"end":{"line":24,"column":53}},"3":{"start":{"line":25,"column":8},"end":{"line":25,"column":13}},"4":{"start":{"line":29,"column":8},"end":{"line":29,"column":31}},"5":{"start":{"line":35,"column":8},"end":{"line":35,"column":70}},"6":{"start":{"line":36,"column":8},"end":{"line":36,"column":45}},"7":{"start":{"line":37,"column":8},"end":{"line":37,"column":64}},"8":{"start":{"line":39,"column":8},"end":{"line":39,"column":45}},"9":{"start":{"line":40,"column":8},"end":{"line":40,"column":64}},"10":{"start":{"line":42,"column":8},"end":{"line":42,"column":48}},"11":{"start":{"line":43,"column":8},"end":{"line":43,"column":64}},"12":{"start":{"line":45,"column":8},"end":{"line":45,"column":44}},"13":{"start":{"line":46,"column":8},"end":{"line":46,"column":64}},"14":{"start":{"line":48,"column":8},"end":{"line":48,"column":1532}},"15":{"start":{"line":51,"column":8},"end":{"line":51,"column":1647}},"16":{"start":{"line":55,"column":8},"end":{"line":55,"column":1767}},"17":{"start":{"line":62,"column":8},"end":{"line":62,"column":57}},"18":{"start":{"line":64,"column":8},"end":{"line":64,"column":64}},"19":{"start":{"line":65,"column":8},"end":{"line":65,"column":42}},"20":{"start":{"line":66,"column":8},"end":{"line":66,"column":186}},"21":{"start":{"line":67,"column":8},"end":{"line":67,"column":44}},"22":{"start":{"line":69,"column":8},"end":{"line":69,"column":38}},"23":{"start":{"line":70,"column":8},"end":{"line":70,"column":46}},"24":{"start":{"line":71,"column":8},"end":{"line":71,"column":50}},"25":{"start":{"line":73,"column":8},"end":{"line":73,"column":2571}},"26":{"start":{"line":77,"column":8},"end":{"line":77,"column":2688}},"27":{"start":{"line":83,"column":8},"end":{"line":83,"column":2967}}},"branchMap":{}},"contracts\\examples\\stacked3DObjects\\Stacked3DObjects_Cubes.sol":{"l":{"22":0,"23":0,"24":0,"28":0,"34":0,"35":0,"36":0,"37":0,"39":0,"40":0,"41":0,"43":0,"44":0,"45":0,"47":0,"48":0,"49":0,"51":0,"52":0,"53":0,"54":0,"56":0,"57":0,"58":0,"60":0,"64":0,"70":0},"path":"C:\\Users\\Tom\\Documents\\cryptocurrency work\\labz\\scripty_public\\contracts\\examples\\stacked3DObjects\\Stacked3DObjects_Cubes.sol","s":{"1":0,"2":0,"3":0,"4":0,"5":0,"6":0,"7":0,"8":0,"9":0,"10":0,"11":0,"12":0,"13":0,"14":0,"15":0,"16":0,"17":0,"18":0,"19":0,"20":0,"21":0,"22":0,"23":0,"24":0,"25":0,"26":0,"27":0},"b":{},"f":{"1":0,"2":0,"3":0},"fnMap":{"1":{"name":"constructor","line":21,"loc":{"start":{"line":18,"column":4},"end":{"line":25,"column":4}}},"2":{"name":"mint","line":27,"loc":{"start":{"line":27,"column":4},"end":{"line":29,"column":4}}},"3":{"name":"tokenURI","line":31,"loc":{"start":{"line":31,"column":4},"end":{"line":77,"column":4}}}},"statementMap":{"1":{"start":{"line":22,"column":8},"end":{"line":22,"column":53}},"2":{"start":{"line":23,"column":8},"end":{"line":23,"column":53}},"3":{"start":{"line":24,"column":8},"end":{"line":24,"column":13}},"4":{"start":{"line":28,"column":8},"end":{"line":28,"column":31}},"5":{"start":{"line":34,"column":8},"end":{"line":34,"column":70}},"6":{"start":{"line":35,"column":8},"end":{"line":35,"column":45}},"7":{"start":{"line":36,"column":8},"end":{"line":36,"column":36}},"8":{"start":{"line":37,"column":8},"end":{"line":37,"column":64}},"9":{"start":{"line":39,"column":8},"end":{"line":39,"column":49}},"10":{"start":{"line":40,"column":8},"end":{"line":40,"column":36}},"11":{"start":{"line":41,"column":8},"end":{"line":41,"column":64}},"12":{"start":{"line":43,"column":8},"end":{"line":43,"column":53}},"13":{"start":{"line":44,"column":8},"end":{"line":44,"column":36}},"14":{"start":{"line":45,"column":8},"end":{"line":45,"column":64}},"15":{"start":{"line":47,"column":8},"end":{"line":47,"column":51}},"16":{"start":{"line":48,"column":8},"end":{"line":48,"column":36}},"17":{"start":{"line":49,"column":8},"end":{"line":49,"column":64}},"18":{"start":{"line":51,"column":8},"end":{"line":51,"column":64}},"19":{"start":{"line":52,"column":8},"end":{"line":52,"column":42}},"20":{"start":{"line":53,"column":8},"end":{"line":53,"column":186}},"21":{"start":{"line":54,"column":8},"end":{"line":54,"column":44}},"22":{"start":{"line":56,"column":8},"end":{"line":56,"column":38}},"23":{"start":{"line":57,"column":8},"end":{"line":57,"column":46}},"24":{"start":{"line":58,"column":8},"end":{"line":58,"column":50}},"25":{"start":{"line":60,"column":8},"end":{"line":60,"column":2383}},"26":{"start":{"line":64,"column":8},"end":{"line":64,"column":2500}},"27":{"start":{"line":70,"column":8},"end":{"line":70,"column":2903}}},"branchMap":{}},"contracts\\examples\\stacked3DObjects\\Stacked3DObjects_Spheres.sol":{"l":{"22":0,"23":0,"24":0,"28":0,"34":0,"35":0,"36":0,"37":0,"39":0,"40":0,"41":0,"43":0,"44":0,"45":0,"47":0,"48":0,"49":0,"51":0,"52":0,"53":0,"55":0,"56":0,"57":0,"58":0,"60":0,"61":0,"62":0,"64":0,"68":0,"74":0},"path":"C:\\Users\\Tom\\Documents\\cryptocurrency work\\labz\\scripty_public\\contracts\\examples\\stacked3DObjects\\Stacked3DObjects_Spheres.sol","s":{"1":0,"2":0,"3":0,"4":0,"5":0,"6":0,"7":0,"8":0,"9":0,"10":0,"11":0,"12":0,"13":0,"14":0,"15":0,"16":0,"17":0,"18":0,"19":0,"20":0,"21":0,"22":0,"23":0,"24":0,"25":0,"26":0,"27":0,"28":0,"29":0,"30":0},"b":{},"f":{"1":0,"2":0,"3":0},"fnMap":{"1":{"name":"constructor","line":21,"loc":{"start":{"line":18,"column":4},"end":{"line":25,"column":4}}},"2":{"name":"mint","line":27,"loc":{"start":{"line":27,"column":4},"end":{"line":29,"column":4}}},"3":{"name":"tokenURI","line":31,"loc":{"start":{"line":31,"column":4},"end":{"line":81,"column":4}}}},"statementMap":{"1":{"start":{"line":22,"column":8},"end":{"line":22,"column":53}},"2":{"start":{"line":23,"column":8},"end":{"line":23,"column":53}},"3":{"start":{"line":24,"column":8},"end":{"line":24,"column":13}},"4":{"start":{"line":28,"column":8},"end":{"line":28,"column":31}},"5":{"start":{"line":34,"column":8},"end":{"line":34,"column":70}},"6":{"start":{"line":35,"column":8},"end":{"line":35,"column":45}},"7":{"start":{"line":36,"column":8},"end":{"line":36,"column":36}},"8":{"start":{"line":37,"column":8},"end":{"line":37,"column":64}},"9":{"start":{"line":39,"column":8},"end":{"line":39,"column":49}},"10":{"start":{"line":40,"column":8},"end":{"line":40,"column":36}},"11":{"start":{"line":41,"column":8},"end":{"line":41,"column":64}},"12":{"start":{"line":43,"column":8},"end":{"line":43,"column":53}},"13":{"start":{"line":44,"column":8},"end":{"line":44,"column":36}},"14":{"start":{"line":45,"column":8},"end":{"line":45,"column":64}},"15":{"start":{"line":47,"column":8},"end":{"line":47,"column":51}},"16":{"start":{"line":48,"column":8},"end":{"line":48,"column":36}},"17":{"start":{"line":49,"column":8},"end":{"line":49,"column":64}},"18":{"start":{"line":51,"column":8},"end":{"line":51,"column":51}},"19":{"start":{"line":52,"column":8},"end":{"line":52,"column":36}},"20":{"start":{"line":53,"column":8},"end":{"line":53,"column":64}},"21":{"start":{"line":55,"column":8},"end":{"line":55,"column":64}},"22":{"start":{"line":56,"column":8},"end":{"line":56,"column":42}},"23":{"start":{"line":57,"column":8},"end":{"line":57,"column":186}},"24":{"start":{"line":58,"column":8},"end":{"line":58,"column":44}},"25":{"start":{"line":60,"column":8},"end":{"line":60,"column":38}},"26":{"start":{"line":61,"column":8},"end":{"line":61,"column":46}},"27":{"start":{"line":62,"column":8},"end":{"line":62,"column":50}},"28":{"start":{"line":64,"column":8},"end":{"line":64,"column":2579}},"29":{"start":{"line":68,"column":8},"end":{"line":68,"column":2696}},"30":{"start":{"line":74,"column":8},"end":{"line":74,"column":3078}}},"branchMap":{}},"contracts\\examples\\threeJSModules_URLSafe\\ThreeJSModules_URLSafe.sol":{"l":{"22":0,"23":0,"24":0,"28":0,"34":0,"36":0,"37":0,"38":0,"40":0,"41":0,"42":0,"44":0,"45":0,"49":0,"50":0,"51":0,"53":0,"54":0,"58":0,"59":0,"60":0,"62":0,"63":0,"64":0,"66":0,"67":0,"68":0,"70":0,"71":0,"75":0,"76":0,"77":0,"83":0,"84":0,"85":0,"86":0,"88":0,"89":0,"90":0,"92":0,"96":0},"path":"C:\\Users\\Tom\\Documents\\cryptocurrency work\\labz\\scripty_public\\contracts\\examples\\threeJSModules_URLSafe\\ThreeJSModules_URLSafe.sol","s":{"1":0,"2":0,"3":0,"4":0,"5":0,"6":0,"7":0,"8":0,"9":0,"10":0,"11":0,"12":0,"13":0,"14":0,"15":0,"16":0,"17":0,"18":0,"19":0,"20":0,"21":0,"22":0,"23":0,"24":0,"25":0,"26":0,"27":0,"28":0,"29":0,"30":0,"31":0,"32":0,"33":0,"34":0,"35":0,"36":0,"37":0,"38":0,"39":0,"40":0,"41":0},"b":{},"f":{"1":0,"2":0,"3":0},"fnMap":{"1":{"name":"constructor","line":21,"loc":{"start":{"line":18,"column":4},"end":{"line":25,"column":4}}},"2":{"name":"mint","line":27,"loc":{"start":{"line":27,"column":4},"end":{"line":29,"column":4}}},"3":{"name":"tokenURI","line":31,"loc":{"start":{"line":31,"column":4},"end":{"line":109,"column":4}}}},"statementMap":{"1":{"start":{"line":22,"column":8},"end":{"line":22,"column":53}},"2":{"start":{"line":23,"column":8},"end":{"line":23,"column":53}},"3":{"start":{"line":24,"column":8},"end":{"line":24,"column":13}},"4":{"start":{"line":28,"column":8},"end":{"line":28,"column":31}},"5":{"start":{"line":34,"column":8},"end":{"line":34,"column":70}},"6":{"start":{"line":36,"column":8},"end":{"line":36,"column":56}},"7":{"start":{"line":37,"column":8},"end":{"line":37,"column":36}},"8":{"start":{"line":38,"column":8},"end":{"line":38,"column":64}},"9":{"start":{"line":40,"column":8},"end":{"line":40,"column":55}},"10":{"start":{"line":41,"column":8},"end":{"line":41,"column":36}},"11":{"start":{"line":42,"column":8},"end":{"line":42,"column":64}},"12":{"start":{"line":44,"column":8},"end":{"line":44,"column":54}},"13":{"start":{"line":45,"column":8},"end":{"line":45,"column":36}},"14":{"start":{"line":49,"column":8},"end":{"line":49,"column":83}},"15":{"start":{"line":50,"column":8},"end":{"line":50,"column":64}},"16":{"start":{"line":51,"column":8},"end":{"line":51,"column":64}},"17":{"start":{"line":53,"column":8},"end":{"line":53,"column":60}},"18":{"start":{"line":54,"column":8},"end":{"line":54,"column":36}},"19":{"start":{"line":58,"column":8},"end":{"line":58,"column":83}},"20":{"start":{"line":59,"column":8},"end":{"line":59,"column":64}},"21":{"start":{"line":60,"column":8},"end":{"line":60,"column":64}},"22":{"start":{"line":62,"column":8},"end":{"line":62,"column":47}},"23":{"start":{"line":63,"column":8},"end":{"line":63,"column":36}},"24":{"start":{"line":64,"column":8},"end":{"line":64,"column":64}},"25":{"start":{"line":66,"column":8},"end":{"line":66,"column":34}},"26":{"start":{"line":67,"column":8},"end":{"line":67,"column":36}},"27":{"start":{"line":68,"column":8},"end":{"line":68,"column":109}},"28":{"start":{"line":70,"column":8},"end":{"line":70,"column":39}},"29":{"start":{"line":71,"column":8},"end":{"line":71,"column":36}},"30":{"start":{"line":75,"column":8},"end":{"line":75,"column":140}},"31":{"start":{"line":76,"column":8},"end":{"line":76,"column":69}},"32":{"start":{"line":77,"column":8},"end":{"line":77,"column":64}},"33":{"start":{"line":83,"column":8},"end":{"line":83,"column":64}},"34":{"start":{"line":84,"column":8},"end":{"line":84,"column":50}},"35":{"start":{"line":85,"column":8},"end":{"line":85,"column":302}},"36":{"start":{"line":86,"column":8},"end":{"line":86,"column":56}},"37":{"start":{"line":88,"column":8},"end":{"line":88,"column":38}},"38":{"start":{"line":89,"column":8},"end":{"line":89,"column":46}},"39":{"start":{"line":90,"column":8},"end":{"line":90,"column":50}},"40":{"start":{"line":92,"column":8},"end":{"line":92,"column":4254}},"41":{"start":{"line":96,"column":8},"end":{"line":96,"column":4378}}},"branchMap":{}},"contracts\\scripty\\core\\ScriptyCore.sol":{"l":{"175":430,"176":333,"178":24,"180":25,"185":24,"190":24,"218":170,"221":132,"228":13,"235":13,"240":12,"259":730,"260":102,"262":628,"281":81,"282":33,"285":48,"286":48,"288":48,"289":48,"306":154,"307":154,"324":48,"325":48,"326":48,"327":48,"349":47,"350":47,"351":47,"375":730,"376":600,"378":730,"379":120,"385":610,"387":730,"388":600},"path":"C:\\Users\\Tom\\Documents\\cryptocurrency work\\labz\\scripty_public\\contracts\\scripty\\core\\ScriptyCore.sol","s":{"1":430,"2":333,"3":97,"4":24,"5":73,"6":25,"7":48,"8":24,"9":24,"10":170,"11":132,"12":38,"13":13,"14":25,"15":13,"16":12,"17":730,"18":102,"19":628,"20":81,"21":33,"22":48,"23":48,"24":154,"25":48,"26":48,"27":47,"28":730,"29":600,"30":730,"31":120,"32":610,"33":730,"34":600},"b":{"1":[333,97],"2":[24,73],"3":[25,48],"4":[24,24],"5":[132,38],"6":[13,25],"7":[13,12],"8":[102,628],"9":[33,48],"10":[600,130],"11":[120,610],"12":[600,130]},"f":{"1":430,"2":170,"3":730,"4":81,"5":154,"6":48,"7":47,"8":730},"fnMap":{"1":{"name":"scriptTagOpenAndCloseFor","line":172,"loc":{"start":{"line":172,"column":4},"end":{"line":191,"column":4}}},"2":{"name":"urlSafeScriptTagOpenAndCloseFor","line":215,"loc":{"start":{"line":215,"column":4},"end":{"line":241,"column":4}}},"3":{"name":"fetchScript","line":256,"loc":{"start":{"line":256,"column":4},"end":{"line":267,"column":4}}},"4":{"name":"_getBufferSizeForHeadTags","line":278,"loc":{"start":{"line":278,"column":4},"end":{"line":296,"column":4}}},"5":{"name":"sizeForBase64Encoding","line":303,"loc":{"start":{"line":303,"column":4},"end":{"line":309,"column":4}}},"6":{"name":"_appendHeadTags","line":320,"loc":{"start":{"line":320,"column":4},"end":{"line":334,"column":4}}},"7":{"name":"_appendScriptTags","line":343,"loc":{"start":{"line":343,"column":4},"end":{"line":360,"column":4}}},"8":{"name":"_appendScriptTag","line":369,"loc":{"start":{"line":369,"column":4},"end":{"line":390,"column":4}}}},"statementMap":{"1":{"start":{"line":175,"column":8},"end":{"line":175,"column":5836}},"2":{"start":{"line":176,"column":12},"end":{"line":176,"column":44}},"3":{"start":{"line":177,"column":15},"end":{"line":177,"column":5927}},"4":{"start":{"line":178,"column":12},"end":{"line":178,"column":79}},"5":{"start":{"line":179,"column":15},"end":{"line":179,"column":6053}},"6":{"start":{"line":180,"column":12},"end":{"line":180,"column":6099}},"7":{"start":{"line":184,"column":15},"end":{"line":184,"column":6256}},"8":{"start":{"line":185,"column":12},"end":{"line":185,"column":6302}},"9":{"start":{"line":190,"column":8},"end":{"line":190,"column":50}},"10":{"start":{"line":218,"column":8},"end":{"line":218,"column":7616}},"11":{"start":{"line":221,"column":12},"end":{"line":221,"column":7748}},"12":{"start":{"line":225,"column":15},"end":{"line":225,"column":7929}},"13":{"start":{"line":228,"column":12},"end":{"line":228,"column":8089}},"14":{"start":{"line":232,"column":15},"end":{"line":232,"column":8322}},"15":{"start":{"line":235,"column":12},"end":{"line":235,"column":8481}},"16":{"start":{"line":240,"column":8},"end":{"line":240,"column":50}},"17":{"start":{"line":259,"column":8},"end":{"line":259,"column":9413}},"18":{"start":{"line":260,"column":12},"end":{"line":260,"column":46}},"19":{"start":{"line":262,"column":8},"end":{"line":262,"column":9533}},"20":{"start":{"line":281,"column":8},"end":{"line":281,"column":10227}},"21":{"start":{"line":282,"column":12},"end":{"line":282,"column":20}},"22":{"start":{"line":285,"column":8},"end":{"line":285,"column":38}},"23":{"start":{"line":286,"column":8},"end":{"line":286,"column":17}},"24":{"start":{"line":307,"column":12},"end":{"line":307,"column":40}},"25":{"start":{"line":324,"column":8},"end":{"line":324,"column":38}},"26":{"start":{"line":325,"column":8},"end":{"line":325,"column":17}},"27":{"start":{"line":349,"column":8},"end":{"line":349,"column":17}},"28":{"start":{"line":375,"column":8},"end":{"line":375,"column":13254}},"29":{"start":{"line":376,"column":12},"end":{"line":376,"column":53}},"30":{"start":{"line":378,"column":8},"end":{"line":378,"column":13350}},"31":{"start":{"line":379,"column":12},"end":{"line":379,"column":13388}},"32":{"start":{"line":385,"column":12},"end":{"line":385,"column":59}},"33":{"start":{"line":387,"column":8},"end":{"line":387,"column":13621}},"34":{"start":{"line":388,"column":12},"end":{"line":388,"column":54}}},"branchMap":{"1":{"line":175,"type":"if","locations":[{"start":{"line":175,"column":8},"end":{"line":175,"column":8}},{"start":{"line":175,"column":8},"end":{"line":175,"column":8}}]},"2":{"line":177,"type":"if","locations":[{"start":{"line":177,"column":15},"end":{"line":177,"column":15}},{"start":{"line":177,"column":15},"end":{"line":177,"column":15}}]},"3":{"line":179,"type":"if","locations":[{"start":{"line":179,"column":15},"end":{"line":179,"column":15}},{"start":{"line":179,"column":15},"end":{"line":179,"column":15}}]},"4":{"line":184,"type":"if","locations":[{"start":{"line":184,"column":15},"end":{"line":184,"column":15}},{"start":{"line":184,"column":15},"end":{"line":184,"column":15}}]},"5":{"line":218,"type":"if","locations":[{"start":{"line":218,"column":8},"end":{"line":218,"column":8}},{"start":{"line":218,"column":8},"end":{"line":218,"column":8}}]},"6":{"line":225,"type":"if","locations":[{"start":{"line":225,"column":15},"end":{"line":225,"column":15}},{"start":{"line":225,"column":15},"end":{"line":225,"column":15}}]},"7":{"line":232,"type":"if","locations":[{"start":{"line":232,"column":15},"end":{"line":232,"column":15}},{"start":{"line":232,"column":15},"end":{"line":232,"column":15}}]},"8":{"line":259,"type":"if","locations":[{"start":{"line":259,"column":8},"end":{"line":259,"column":8}},{"start":{"line":259,"column":8},"end":{"line":259,"column":8}}]},"9":{"line":281,"type":"if","locations":[{"start":{"line":281,"column":8},"end":{"line":281,"column":8}},{"start":{"line":281,"column":8},"end":{"line":281,"column":8}}]},"10":{"line":375,"type":"if","locations":[{"start":{"line":375,"column":8},"end":{"line":375,"column":8}},{"start":{"line":375,"column":8},"end":{"line":375,"column":8}}]},"11":{"line":378,"type":"if","locations":[{"start":{"line":378,"column":8},"end":{"line":378,"column":8}},{"start":{"line":378,"column":8},"end":{"line":378,"column":8}}]},"12":{"line":387,"type":"if","locations":[{"start":{"line":387,"column":8},"end":{"line":387,"column":8}},{"start":{"line":387,"column":8},"end":{"line":387,"column":8}}]}}},"contracts\\scripty\\core\\ScriptyRequests.sol":{"l":{},"path":"C:\\Users\\Tom\\Documents\\cryptocurrency work\\labz\\scripty_public\\contracts\\scripty\\core\\ScriptyRequests.sol","s":{},"b":{},"f":{},"fnMap":{},"statementMap":{},"branchMap":{}},"contracts\\scripty\\dependencies\\ethfs\\ContentStore.sol":{"l":{"12":0,"20":0,"21":0,"23":0,"27":0,"28":0,"29":0,"30":0,"32":0,"33":0,"34":0,"41":670,"42":670,"43":522,"45":148,"46":148,"47":148,"48":148,"56":0,"57":0,"59":0},"path":"C:\\Users\\Tom\\Documents\\cryptocurrency work\\labz\\scripty_public\\contracts\\scripty\\dependencies\\ethfs\\ContentStore.sol","s":{"1":0,"2":0,"3":0,"4":0,"5":0,"6":0,"7":0,"8":0,"9":0,"10":0,"11":670,"12":670,"13":522,"14":148,"15":148,"16":148,"17":148,"18":0,"19":0},"b":{"1":[0,0],"2":[0,0],"3":[522,148],"4":[0,0]},"f":{"1":0,"2":0,"3":0,"4":670,"5":0},"fnMap":{"1":{"name":"checksumExists","line":11,"loc":{"start":{"line":11,"column":4},"end":{"line":13,"column":4}}},"2":{"name":"contentLength","line":15,"loc":{"start":{"line":15,"column":4},"end":{"line":24,"column":4}}},"3":{"name":"addPointer","line":26,"loc":{"start":{"line":26,"column":4},"end":{"line":35,"column":4}}},"4":{"name":"addContent","line":37,"loc":{"start":{"line":37,"column":4},"end":{"line":49,"column":4}}},"5":{"name":"getPointer","line":51,"loc":{"start":{"line":51,"column":4},"end":{"line":60,"column":4}}}},"statementMap":{"1":{"start":{"line":12,"column":8},"end":{"line":12,"column":47}},"2":{"start":{"line":20,"column":8},"end":{"line":20,"column":574}},"3":{"start":{"line":23,"column":8},"end":{"line":23,"column":54}},"4":{"start":{"line":27,"column":8},"end":{"line":27,"column":52}},"5":{"start":{"line":28,"column":8},"end":{"line":28,"column":36}},"6":{"start":{"line":29,"column":8},"end":{"line":29,"column":914}},"7":{"start":{"line":30,"column":12},"end":{"line":30,"column":27}},"8":{"start":{"line":32,"column":8},"end":{"line":32,"column":35}},"9":{"start":{"line":33,"column":8},"end":{"line":33,"column":50}},"10":{"start":{"line":34,"column":8},"end":{"line":34,"column":23}},"11":{"start":{"line":41,"column":8},"end":{"line":41,"column":36}},"12":{"start":{"line":42,"column":8},"end":{"line":42,"column":1294}},"13":{"start":{"line":43,"column":12},"end":{"line":43,"column":49}},"14":{"start":{"line":45,"column":8},"end":{"line":45,"column":39}},"15":{"start":{"line":46,"column":8},"end":{"line":46,"column":35}},"16":{"start":{"line":47,"column":8},"end":{"line":47,"column":50}},"17":{"start":{"line":48,"column":8},"end":{"line":48,"column":34}},"18":{"start":{"line":56,"column":8},"end":{"line":56,"column":1702}},"19":{"start":{"line":59,"column":8},"end":{"line":59,"column":33}}},"branchMap":{"1":{"line":20,"type":"if","locations":[{"start":{"line":20,"column":8},"end":{"line":20,"column":8}},{"start":{"line":20,"column":8},"end":{"line":20,"column":8}}]},"2":{"line":29,"type":"if","locations":[{"start":{"line":29,"column":8},"end":{"line":29,"column":8}},{"start":{"line":29,"column":8},"end":{"line":29,"column":8}}]},"3":{"line":42,"type":"if","locations":[{"start":{"line":42,"column":8},"end":{"line":42,"column":8}},{"start":{"line":42,"column":8},"end":{"line":42,"column":8}}]},"4":{"line":56,"type":"if","locations":[{"start":{"line":56,"column":8},"end":{"line":56,"column":8}},{"start":{"line":56,"column":8},"end":{"line":56,"column":8}}]}}},"contracts\\scripty\\dependencies\\ethfs\\File.sol":{"l":{"15":0,"18":0},"path":"C:\\Users\\Tom\\Documents\\cryptocurrency work\\labz\\scripty_public\\contracts\\scripty\\dependencies\\ethfs\\File.sol","s":{"1":0},"b":{},"f":{"1":0},"fnMap":{"1":{"name":"read","line":14,"loc":{"start":{"line":14,"column":0},"end":{"line":47,"column":0}}}},"statementMap":{"1":{"start":{"line":15,"column":4},"end":{"line":15,"column":43}}},"branchMap":{}},"contracts\\scripty\\dependencies\\ethfs\\IContentStore.sol":{"l":{},"path":"C:\\Users\\Tom\\Documents\\cryptocurrency work\\labz\\scripty_public\\contracts\\scripty\\dependencies\\ethfs\\IContentStore.sol","s":{},"b":{},"f":{},"fnMap":{},"statementMap":{},"branchMap":{}},"contracts\\scripty\\dependencies\\ethfs\\IFileStore.sol":{"l":{},"path":"C:\\Users\\Tom\\Documents\\cryptocurrency work\\labz\\scripty_public\\contracts\\scripty\\dependencies\\ethfs\\IFileStore.sol","s":{},"b":{},"f":{},"fnMap":{},"statementMap":{},"branchMap":{}},"contracts\\scripty\\externalStorage\\ethfs\\ETHFSFileStorage.sol":{"l":{"20":0,"37":0},"path":"C:\\Users\\Tom\\Documents\\cryptocurrency work\\labz\\scripty_public\\contracts\\scripty\\externalStorage\\ethfs\\ETHFSFileStorage.sol","s":{"1":0,"2":0},"b":{},"f":{"1":0,"2":0},"fnMap":{"1":{"name":"constructor","line":19,"loc":{"start":{"line":19,"column":4},"end":{"line":21,"column":4}}},"2":{"name":"getScript","line":33,"loc":{"start":{"line":33,"column":4},"end":{"line":38,"column":4}}}},"statementMap":{"1":{"start":{"line":20,"column":8},"end":{"line":20,"column":48}},"2":{"start":{"line":37,"column":8},"end":{"line":37,"column":52}}},"branchMap":{}},"contracts\\scripty\\htmlBuilders\\ScriptyHTML.sol":{"l":{"77":43,"81":43,"86":43,"89":43,"90":43,"91":27,"93":43,"97":43,"98":43,"99":37,"106":43,"110":43,"123":43,"124":6,"127":37,"128":37,"129":37,"131":37,"132":37,"133":37,"135":37,"136":37,"149":37,"161":43,"163":43,"164":43,"165":43,"181":25,"182":25,"184":25,"185":25,"187":25,"188":25,"189":25,"190":25,"206":1,"217":1},"path":"C:\\Users\\Tom\\Documents\\cryptocurrency work\\labz\\scripty_public\\contracts\\scripty\\htmlBuilders\\ScriptyHTML.sol","s":{"1":43,"2":43,"3":43,"4":43,"5":43,"6":27,"7":43,"8":43,"9":43,"10":37,"11":43,"12":43,"13":43,"14":6,"15":37,"16":37,"17":37,"18":37,"19":37,"20":37,"21":37,"22":43,"23":43,"24":43,"25":25,"26":25,"27":25,"28":25,"29":25,"30":25,"31":25,"32":1,"33":1},"b":{"1":[27,16],"2":[37,6],"3":[6,37]},"f":{"1":43,"2":43,"3":43,"4":25,"5":1,"6":1},"fnMap":{"1":{"name":"getHTML","line":74,"loc":{"start":{"line":74,"column":4},"end":{"line":111,"column":4}}},"2":{"name":"_enrichScripts","line":120,"loc":{"start":{"line":120,"column":4},"end":{"line":150,"column":4}}},"3":{"name":"_getHTMLBufferSize","line":157,"loc":{"start":{"line":157,"column":4},"end":{"line":167,"column":4}}},"4":{"name":"getEncodedHTML","line":178,"loc":{"start":{"line":178,"column":4},"end":{"line":192,"column":4}}},"5":{"name":"getHTMLString","line":203,"loc":{"start":{"line":203,"column":4},"end":{"line":207,"column":4}}},"6":{"name":"getEncodedHTMLString","line":214,"loc":{"start":{"line":214,"column":4},"end":{"line":218,"column":4}}}},"statementMap":{"1":{"start":{"line":77,"column":8},"end":{"line":77,"column":2853}},"2":{"start":{"line":81,"column":8},"end":{"line":81,"column":2963}},"3":{"start":{"line":86,"column":8},"end":{"line":86,"column":41}},"4":{"start":{"line":89,"column":8},"end":{"line":89,"column":41}},"5":{"start":{"line":90,"column":8},"end":{"line":90,"column":3239}},"6":{"start":{"line":91,"column":12},"end":{"line":91,"column":62}},"7":{"start":{"line":93,"column":8},"end":{"line":93,"column":42}},"8":{"start":{"line":97,"column":8},"end":{"line":97,"column":41}},"9":{"start":{"line":98,"column":8},"end":{"line":98,"column":3500}},"10":{"start":{"line":99,"column":12},"end":{"line":99,"column":3562}},"11":{"start":{"line":106,"column":8},"end":{"line":106,"column":48}},"12":{"start":{"line":110,"column":8},"end":{"line":110,"column":23}},"13":{"start":{"line":123,"column":8},"end":{"line":123,"column":4313}},"14":{"start":{"line":124,"column":12},"end":{"line":124,"column":32}},"15":{"start":{"line":127,"column":8},"end":{"line":127,"column":28}},"16":{"start":{"line":128,"column":8},"end":{"line":128,"column":29}},"17":{"start":{"line":129,"column":8},"end":{"line":129,"column":27}},"18":{"start":{"line":131,"column":8},"end":{"line":131,"column":25}},"19":{"start":{"line":132,"column":8},"end":{"line":132,"column":40}},"20":{"start":{"line":133,"column":8},"end":{"line":133,"column":17}},"21":{"start":{"line":149,"column":8},"end":{"line":149,"column":36}},"22":{"start":{"line":163,"column":12},"end":{"line":163,"column":32}},"23":{"start":{"line":164,"column":12},"end":{"line":164,"column":58}},"24":{"start":{"line":165,"column":12},"end":{"line":165,"column":29}},"25":{"start":{"line":182,"column":12},"end":{"line":182,"column":55}},"26":{"start":{"line":184,"column":12},"end":{"line":184,"column":75}},"27":{"start":{"line":185,"column":12},"end":{"line":185,"column":56}},"28":{"start":{"line":187,"column":12},"end":{"line":187,"column":75}},"29":{"start":{"line":188,"column":12},"end":{"line":188,"column":56}},"30":{"start":{"line":189,"column":12},"end":{"line":189,"column":59}},"31":{"start":{"line":190,"column":12},"end":{"line":190,"column":27}},"32":{"start":{"line":206,"column":8},"end":{"line":206,"column":43}},"33":{"start":{"line":217,"column":8},"end":{"line":217,"column":50}}},"branchMap":{"1":{"line":90,"type":"if","locations":[{"start":{"line":90,"column":8},"end":{"line":90,"column":8}},{"start":{"line":90,"column":8},"end":{"line":90,"column":8}}]},"2":{"line":98,"type":"if","locations":[{"start":{"line":98,"column":8},"end":{"line":98,"column":8}},{"start":{"line":98,"column":8},"end":{"line":98,"column":8}}]},"3":{"line":123,"type":"if","locations":[{"start":{"line":123,"column":8},"end":{"line":123,"column":8}},{"start":{"line":123,"column":8},"end":{"line":123,"column":8}}]}}},"contracts\\scripty\\htmlBuilders\\ScriptyHTMLSingleScriptTag.sol":{"l":{"77":16,"81":16,"86":16,"89":16,"90":16,"91":6,"93":16,"98":16,"99":16,"100":16,"101":10,"108":16,"109":16,"114":16,"127":16,"128":6,"131":10,"133":10,"134":10,"135":10,"137":10,"138":10,"145":10,"157":16,"160":16,"161":16,"162":16,"178":9,"179":9,"181":9,"182":9,"184":9,"185":9,"186":9,"188":9,"204":1,"215":1},"path":"C:\\Users\\Tom\\Documents\\cryptocurrency work\\labz\\scripty_public\\contracts\\scripty\\htmlBuilders\\ScriptyHTMLSingleScriptTag.sol","s":{"1":16,"2":16,"3":16,"4":16,"5":16,"6":6,"7":16,"8":16,"9":16,"10":16,"11":10,"12":16,"13":16,"14":16,"15":16,"16":6,"17":10,"18":10,"19":10,"20":10,"21":10,"22":16,"23":16,"24":16,"25":9,"26":9,"27":9,"28":9,"29":9,"30":9,"31":9,"32":1,"33":1},"b":{"1":[6,10],"2":[10,6],"3":[6,10]},"f":{"1":16,"2":16,"3":16,"4":9,"5":1,"6":1},"fnMap":{"1":{"name":"getHTMLSingleScriptTag","line":74,"loc":{"start":{"line":74,"column":4},"end":{"line":115,"column":4}}},"2":{"name":"_enrichScriptsForHTMLSingleScriptTag","line":124,"loc":{"start":{"line":124,"column":4},"end":{"line":146,"column":4}}},"3":{"name":"_getHTMLSingleScriptTagBufferSize","line":153,"loc":{"start":{"line":153,"column":4},"end":{"line":164,"column":4}}},"4":{"name":"getEncodedHTMLSingleScriptTag","line":175,"loc":{"start":{"line":175,"column":4},"end":{"line":190,"column":4}}},"5":{"name":"getHTMLSingleScriptTagString","line":201,"loc":{"start":{"line":201,"column":4},"end":{"line":205,"column":4}}},"6":{"name":"getEncodedHTMLSingleScriptTagString","line":212,"loc":{"start":{"line":212,"column":4},"end":{"line":216,"column":4}}}},"statementMap":{"1":{"start":{"line":77,"column":8},"end":{"line":77,"column":2730}},"2":{"start":{"line":81,"column":8},"end":{"line":81,"column":2862}},"3":{"start":{"line":86,"column":8},"end":{"line":86,"column":41}},"4":{"start":{"line":89,"column":8},"end":{"line":89,"column":41}},"5":{"start":{"line":90,"column":8},"end":{"line":90,"column":3153}},"6":{"start":{"line":91,"column":12},"end":{"line":91,"column":62}},"7":{"start":{"line":93,"column":8},"end":{"line":93,"column":42}},"8":{"start":{"line":98,"column":8},"end":{"line":98,"column":41}},"9":{"start":{"line":99,"column":8},"end":{"line":99,"column":43}},"10":{"start":{"line":100,"column":8},"end":{"line":100,"column":3482}},"11":{"start":{"line":101,"column":12},"end":{"line":101,"column":3544}},"12":{"start":{"line":108,"column":8},"end":{"line":108,"column":44}},"13":{"start":{"line":109,"column":8},"end":{"line":109,"column":48}},"14":{"start":{"line":114,"column":8},"end":{"line":114,"column":23}},"15":{"start":{"line":127,"column":8},"end":{"line":127,"column":4388}},"16":{"start":{"line":128,"column":12},"end":{"line":128,"column":32}},"17":{"start":{"line":131,"column":8},"end":{"line":131,"column":27}},"18":{"start":{"line":133,"column":8},"end":{"line":133,"column":25}},"19":{"start":{"line":134,"column":8},"end":{"line":134,"column":40}},"20":{"start":{"line":135,"column":8},"end":{"line":135,"column":17}},"21":{"start":{"line":145,"column":8},"end":{"line":145,"column":36}},"22":{"start":{"line":160,"column":12},"end":{"line":160,"column":54}},"23":{"start":{"line":161,"column":12},"end":{"line":161,"column":58}},"24":{"start":{"line":162,"column":12},"end":{"line":162,"column":29}},"25":{"start":{"line":179,"column":12},"end":{"line":179,"column":70}},"26":{"start":{"line":181,"column":12},"end":{"line":181,"column":75}},"27":{"start":{"line":182,"column":12},"end":{"line":182,"column":56}},"28":{"start":{"line":184,"column":12},"end":{"line":184,"column":75}},"29":{"start":{"line":185,"column":12},"end":{"line":185,"column":56}},"30":{"start":{"line":186,"column":12},"end":{"line":186,"column":59}},"31":{"start":{"line":188,"column":12},"end":{"line":188,"column":27}},"32":{"start":{"line":204,"column":8},"end":{"line":204,"column":58}},"33":{"start":{"line":215,"column":8},"end":{"line":215,"column":65}}},"branchMap":{"1":{"line":90,"type":"if","locations":[{"start":{"line":90,"column":8},"end":{"line":90,"column":8}},{"start":{"line":90,"column":8},"end":{"line":90,"column":8}}]},"2":{"line":100,"type":"if","locations":[{"start":{"line":100,"column":8},"end":{"line":100,"column":8}},{"start":{"line":100,"column":8},"end":{"line":100,"column":8}}]},"3":{"line":127,"type":"if","locations":[{"start":{"line":127,"column":8},"end":{"line":127,"column":8}},{"start":{"line":127,"column":8},"end":{"line":127,"column":8}}]}}},"contracts\\scripty\\htmlBuilders\\ScriptyHTMLURLSafe.sol":{"l":{"82":22,"86":22,"94":22,"97":22,"100":22,"101":22,"102":15,"104":22,"108":22,"109":22,"110":19,"112":22,"116":22,"129":22,"130":3,"133":19,"134":19,"135":19,"137":19,"138":19,"139":19,"140":19,"142":19,"143":19,"165":19,"177":22,"179":22,"180":22,"181":22,"210":19,"211":19,"212":19,"213":19,"234":1},"path":"C:\\Users\\Tom\\Documents\\cryptocurrency work\\labz\\scripty_public\\contracts\\scripty\\htmlBuilders\\ScriptyHTMLURLSafe.sol","s":{"1":22,"2":22,"3":22,"4":22,"5":22,"6":22,"7":15,"8":22,"9":22,"10":22,"11":19,"12":22,"13":22,"14":22,"15":3,"16":19,"17":19,"18":19,"19":19,"20":19,"21":19,"22":19,"23":19,"24":22,"25":22,"26":22,"27":19,"28":19,"29":1},"b":{"1":[15,7],"2":[19,3],"3":[3,19]},"f":{"1":22,"2":22,"3":22,"4":19,"5":1},"fnMap":{"1":{"name":"getHTMLURLSafe","line":79,"loc":{"start":{"line":79,"column":4},"end":{"line":117,"column":4}}},"2":{"name":"_enrichScriptsForHTMLURLSafe","line":126,"loc":{"start":{"line":126,"column":4},"end":{"line":166,"column":4}}},"3":{"name":"_getHTMLURLSafeBufferSize","line":173,"loc":{"start":{"line":173,"column":4},"end":{"line":183,"column":4}}},"4":{"name":"_appendHTMLURLSafeBody","line":206,"loc":{"start":{"line":206,"column":4},"end":{"line":220,"column":4}}},"5":{"name":"getHTMLURLSafeString","line":231,"loc":{"start":{"line":231,"column":4},"end":{"line":235,"column":4}}}},"statementMap":{"1":{"start":{"line":82,"column":8},"end":{"line":82,"column":3168}},"2":{"start":{"line":86,"column":8},"end":{"line":86,"column":3292}},"3":{"start":{"line":94,"column":8},"end":{"line":94,"column":46}},"4":{"start":{"line":97,"column":8},"end":{"line":97,"column":46}},"5":{"start":{"line":100,"column":8},"end":{"line":100,"column":46}},"6":{"start":{"line":101,"column":8},"end":{"line":101,"column":3714}},"7":{"start":{"line":102,"column":12},"end":{"line":102,"column":62}},"8":{"start":{"line":104,"column":8},"end":{"line":104,"column":47}},"9":{"start":{"line":108,"column":8},"end":{"line":108,"column":46}},"10":{"start":{"line":109,"column":8},"end":{"line":109,"column":3985}},"11":{"start":{"line":110,"column":12},"end":{"line":110,"column":71}},"12":{"start":{"line":112,"column":8},"end":{"line":112,"column":53}},"13":{"start":{"line":116,"column":8},"end":{"line":116,"column":23}},"14":{"start":{"line":129,"column":8},"end":{"line":129,"column":4726}},"15":{"start":{"line":130,"column":12},"end":{"line":130,"column":32}},"16":{"start":{"line":133,"column":8},"end":{"line":133,"column":28}},"17":{"start":{"line":134,"column":8},"end":{"line":134,"column":29}},"18":{"start":{"line":135,"column":8},"end":{"line":135,"column":27}},"19":{"start":{"line":137,"column":8},"end":{"line":137,"column":26}},"20":{"start":{"line":138,"column":8},"end":{"line":138,"column":25}},"21":{"start":{"line":139,"column":8},"end":{"line":139,"column":40}},"22":{"start":{"line":140,"column":8},"end":{"line":140,"column":17}},"23":{"start":{"line":165,"column":8},"end":{"line":165,"column":36}},"24":{"start":{"line":179,"column":12},"end":{"line":179,"column":33}},"25":{"start":{"line":180,"column":12},"end":{"line":180,"column":58}},"26":{"start":{"line":181,"column":12},"end":{"line":181,"column":29}},"27":{"start":{"line":210,"column":8},"end":{"line":210,"column":36}},"28":{"start":{"line":211,"column":8},"end":{"line":211,"column":17}},"29":{"start":{"line":234,"column":8},"end":{"line":234,"column":50}}},"branchMap":{"1":{"line":101,"type":"if","locations":[{"start":{"line":101,"column":8},"end":{"line":101,"column":8}},{"start":{"line":101,"column":8},"end":{"line":101,"column":8}}]},"2":{"line":109,"type":"if","locations":[{"start":{"line":109,"column":8},"end":{"line":109,"column":8}},{"start":{"line":109,"column":8},"end":{"line":109,"column":8}}]},"3":{"line":129,"type":"if","locations":[{"start":{"line":129,"column":8},"end":{"line":129,"column":8}},{"start":{"line":129,"column":8},"end":{"line":129,"column":8}}]}}},"contracts\\scripty\\interfaces\\IContractScript.sol":{"l":{},"path":"C:\\Users\\Tom\\Documents\\cryptocurrency work\\labz\\scripty_public\\contracts\\scripty\\interfaces\\IContractScript.sol","s":{},"b":{},"f":{},"fnMap":{},"statementMap":{},"branchMap":{}},"contracts\\scripty\\interfaces\\IScriptyBuilderV2.sol":{"l":{},"path":"C:\\Users\\Tom\\Documents\\cryptocurrency work\\labz\\scripty_public\\contracts\\scripty\\interfaces\\IScriptyBuilderV2.sol","s":{},"b":{},"f":{},"fnMap":{},"statementMap":{},"branchMap":{}},"contracts\\scripty\\interfaces\\IScriptyHTML.sol":{"l":{},"path":"C:\\Users\\Tom\\Documents\\cryptocurrency work\\labz\\scripty_public\\contracts\\scripty\\interfaces\\IScriptyHTML.sol","s":{},"b":{},"f":{},"fnMap":{},"statementMap":{},"branchMap":{}},"contracts\\scripty\\interfaces\\IScriptyHTMLSingleScriptTag.sol":{"l":{},"path":"C:\\Users\\Tom\\Documents\\cryptocurrency work\\labz\\scripty_public\\contracts\\scripty\\interfaces\\IScriptyHTMLSingleScriptTag.sol","s":{},"b":{},"f":{},"fnMap":{},"statementMap":{},"branchMap":{}},"contracts\\scripty\\interfaces\\IScriptyHTMLURLSafe.sol":{"l":{},"path":"C:\\Users\\Tom\\Documents\\cryptocurrency work\\labz\\scripty_public\\contracts\\scripty\\interfaces\\IScriptyHTMLURLSafe.sol","s":{},"b":{},"f":{},"fnMap":{},"statementMap":{},"branchMap":{}},"contracts\\scripty\\interfaces\\IScriptyStorage.sol":{"l":{},"path":"C:\\Users\\Tom\\Documents\\cryptocurrency work\\labz\\scripty_public\\contracts\\scripty\\interfaces\\IScriptyStorage.sol","s":{},"b":{},"f":{},"fnMap":{},"statementMap":{},"branchMap":{}},"contracts\\scripty\\ScriptyBuilderV2.sol":{"l":{},"path":"C:\\Users\\Tom\\Documents\\cryptocurrency work\\labz\\scripty_public\\contracts\\scripty\\ScriptyBuilderV2.sol","s":{},"b":{},"f":{},"fnMap":{},"statementMap":{},"branchMap":{}},"contracts\\scripty\\ScriptyStorage.sol":{"l":{"33":213,"45":681,"46":677,"54":607,"55":606,"63":685,"64":681,"82":606,"83":606,"99":670,"100":670,"101":670,"102":670,"117":1,"118":1,"133":1,"134":1,"149":5,"150":5,"168":631,"181":1},"path":"C:\\Users\\Tom\\Documents\\cryptocurrency work\\labz\\scripty_public\\contracts\\scripty\\ScriptyStorage.sol","s":{"1":213,"2":681,"3":607,"4":685,"5":606,"6":606,"7":670,"8":670,"9":670,"10":670,"11":1,"12":1,"13":1,"14":1,"15":5,"16":5,"17":631,"18":1},"b":{"1":[4,677],"2":[1,606],"3":[4,681]},"f":{"1":213,"2":681,"3":607,"4":685,"5":606,"6":670,"7":1,"8":1,"9":5,"10":631,"11":1},"fnMap":{"1":{"name":"constructor","line":32,"loc":{"start":{"line":32,"column":4},"end":{"line":34,"column":4}}},"2":{"name":"scriptOwner","line":44,"loc":{"start":{"line":44,"column":4},"end":{"line":47,"column":4}}},"3":{"name":"canCreate","line":53,"loc":{"start":{"line":53,"column":4},"end":{"line":56,"column":4}}},"4":{"name":"isFrozen","line":62,"loc":{"start":{"line":62,"column":4},"end":{"line":65,"column":4}}},"5":{"name":"createScript","line":80,"loc":{"start":{"line":78,"column":4},"end":{"line":84,"column":4}}},"6":{"name":"addChunkToScript","line":97,"loc":{"start":{"line":93,"column":4},"end":{"line":103,"column":4}}},"7":{"name":"updateDetails","line":115,"loc":{"start":{"line":112,"column":4},"end":{"line":119,"column":4}}},"8":{"name":"updateScriptVerification","line":131,"loc":{"start":{"line":128,"column":4},"end":{"line":135,"column":4}}},"9":{"name":"freezeScript","line":147,"loc":{"start":{"line":144,"column":4},"end":{"line":151,"column":4}}},"10":{"name":"getScript","line":163,"loc":{"start":{"line":163,"column":4},"end":{"line":169,"column":4}}},"11":{"name":"getScriptChunkPointers","line":176,"loc":{"start":{"line":176,"column":4},"end":{"line":182,"column":4}}}},"statementMap":{"1":{"start":{"line":33,"column":8},"end":{"line":33,"column":57}},"2":{"start":{"line":45,"column":8},"end":{"line":45,"column":70}},"3":{"start":{"line":54,"column":8},"end":{"line":54,"column":68}},"4":{"start":{"line":63,"column":8},"end":{"line":63,"column":63}},"5":{"start":{"line":82,"column":8},"end":{"line":82,"column":85}},"6":{"start":{"line":83,"column":8},"end":{"line":83,"column":41}},"7":{"start":{"line":99,"column":8},"end":{"line":99,"column":60}},"8":{"start":{"line":100,"column":8},"end":{"line":100,"column":41}},"9":{"start":{"line":101,"column":8},"end":{"line":101,"column":41}},"10":{"start":{"line":102,"column":8},"end":{"line":102,"column":44}},"11":{"start":{"line":117,"column":8},"end":{"line":117,"column":38}},"12":{"start":{"line":118,"column":8},"end":{"line":118,"column":48}},"13":{"start":{"line":133,"column":8},"end":{"line":133,"column":44}},"14":{"start":{"line":134,"column":8},"end":{"line":134,"column":56}},"15":{"start":{"line":149,"column":8},"end":{"line":149,"column":36}},"16":{"start":{"line":150,"column":8},"end":{"line":150,"column":31}},"17":{"start":{"line":168,"column":8},"end":{"line":168,"column":62}},"18":{"start":{"line":181,"column":8},"end":{"line":181,"column":35}}},"branchMap":{"1":{"line":45,"type":"if","locations":[{"start":{"line":45,"column":8},"end":{"line":45,"column":8}},{"start":{"line":45,"column":8},"end":{"line":45,"column":8}}]},"2":{"line":54,"type":"if","locations":[{"start":{"line":54,"column":8},"end":{"line":54,"column":8}},{"start":{"line":54,"column":8},"end":{"line":54,"column":8}}]},"3":{"line":63,"type":"if","locations":[{"start":{"line":63,"column":8},"end":{"line":63,"column":8}},{"start":{"line":63,"column":8},"end":{"line":63,"column":8}}]}}},"contracts\\scripty\\utils\\AddressChunks.sol":{"l":{"15":631,"16":631},"path":"C:\\Users\\Tom\\Documents\\cryptocurrency work\\labz\\scripty_public\\contracts\\scripty\\utils\\AddressChunks.sol","s":{},"b":{},"f":{"1":631},"fnMap":{"1":{"name":"mergeChunks","line":10,"loc":{"start":{"line":10,"column":4},"end":{"line":45,"column":4}}}},"statementMap":{},"branchMap":{}},"contracts\\scripty\\utils\\DynamicBuffer.sol":{"l":{"27":115,"53":115,"65":2582,"93":2582,"94":2582,"111":154,"113":154,"114":0,"117":154,"118":154,"119":154,"137":154,"139":154,"203":0,"205":0,"206":0,"209":0,"210":0,"211":0,"229":0,"281":2736,"282":2736,"285":2736,"294":2736,"295":2736,"296":2736,"297":0},"path":"C:\\Users\\Tom\\Documents\\cryptocurrency work\\labz\\scripty_public\\contracts\\scripty\\utils\\DynamicBuffer.sol","s":{"1":115,"2":2582,"3":2582,"4":154,"5":154,"6":0,"7":154,"8":154,"9":154,"10":0,"11":0,"12":0,"13":0,"14":0,"15":2736,"16":2736,"17":2736,"18":2736,"19":2736,"20":0},"b":{"1":[0,154],"2":[0,0],"3":[0,2736]},"f":{"1":115,"2":2582,"3":2582,"4":154,"5":0,"6":2736,"7":2736},"fnMap":{"1":{"name":"allocate","line":22,"loc":{"start":{"line":22,"column":4},"end":{"line":54,"column":4}}},"2":{"name":"appendUnchecked","line":61,"loc":{"start":{"line":61,"column":4},"end":{"line":86,"column":4}}},"3":{"name":"appendSafe","line":92,"loc":{"start":{"line":92,"column":4},"end":{"line":95,"column":4}}},"4":{"name":"appendSafeBase64","line":105,"loc":{"start":{"line":105,"column":4},"end":{"line":187,"column":4}}},"5":{"name":"appendUncheckedBase64","line":197,"loc":{"start":{"line":197,"column":4},"end":{"line":277,"column":4}}},"6":{"name":"capacity","line":280,"loc":{"start":{"line":280,"column":4},"end":{"line":286,"column":4}}},"7":{"name":"checkOverflow","line":290,"loc":{"start":{"line":290,"column":4},"end":{"line":299,"column":4}}}},"statementMap":{"1":{"start":{"line":53,"column":8},"end":{"line":53,"column":21}},"2":{"start":{"line":93,"column":8},"end":{"line":93,"column":41}},"3":{"start":{"line":94,"column":8},"end":{"line":94,"column":36}},"4":{"start":{"line":111,"column":8},"end":{"line":111,"column":40}},"5":{"start":{"line":113,"column":8},"end":{"line":113,"column":4654}},"6":{"start":{"line":114,"column":12},"end":{"line":114,"column":18}},"7":{"start":{"line":117,"column":8},"end":{"line":117,"column":29}},"8":{"start":{"line":118,"column":8},"end":{"line":118,"column":17}},"9":{"start":{"line":137,"column":8},"end":{"line":137,"column":43}},"10":{"start":{"line":203,"column":8},"end":{"line":203,"column":40}},"11":{"start":{"line":205,"column":8},"end":{"line":205,"column":8532}},"12":{"start":{"line":206,"column":12},"end":{"line":206,"column":18}},"13":{"start":{"line":209,"column":8},"end":{"line":209,"column":29}},"14":{"start":{"line":210,"column":8},"end":{"line":210,"column":17}},"15":{"start":{"line":281,"column":8},"end":{"line":281,"column":19}},"16":{"start":{"line":285,"column":8},"end":{"line":285,"column":18}},"17":{"start":{"line":294,"column":8},"end":{"line":294,"column":38}},"18":{"start":{"line":295,"column":8},"end":{"line":295,"column":55}},"19":{"start":{"line":296,"column":8},"end":{"line":296,"column":12072}},"20":{"start":{"line":297,"column":12},"end":{"line":297,"column":60}}},"branchMap":{"1":{"line":113,"type":"if","locations":[{"start":{"line":113,"column":8},"end":{"line":113,"column":8}},{"start":{"line":113,"column":8},"end":{"line":113,"column":8}}]},"2":{"line":205,"type":"if","locations":[{"start":{"line":205,"column":8},"end":{"line":205,"column":8}},{"start":{"line":205,"column":8},"end":{"line":205,"column":8}}]},"3":{"line":296,"type":"if","locations":[{"start":{"line":296,"column":8},"end":{"line":296,"column":8}},{"start":{"line":296,"column":8},"end":{"line":296,"column":8}}]}}},"contracts\\tests\\ScriptyBuilderGasTest.sol":{"l":{"13":30,"20":1,"29":1,"38":1,"47":1,"56":1,"65":1,"74":1,"83":1,"92":1,"101":1},"path":"C:\\Users\\Tom\\Documents\\cryptocurrency work\\labz\\scripty_public\\contracts\\tests\\ScriptyBuilderGasTest.sol","s":{"1":30,"2":1,"3":1,"4":1,"5":1,"6":1,"7":1,"8":1,"9":1,"10":1,"11":1},"b":{},"f":{"1":30,"2":1,"3":1,"4":1,"5":1,"6":1,"7":1,"8":1,"9":1,"10":1,"11":1},"fnMap":{"1":{"name":"constructor","line":10,"loc":{"start":{"line":10,"column":4},"end":{"line":14,"column":4}}},"2":{"name":"getEncodedHTMLSingleScriptTag_Few","line":17,"loc":{"start":{"line":17,"column":4},"end":{"line":23,"column":4}}},"3":{"name":"getEncodedHTMLSingleScriptTag_Many","line":26,"loc":{"start":{"line":26,"column":4},"end":{"line":32,"column":4}}},"4":{"name":"getEncodedHTML_TagType_0_Few","line":35,"loc":{"start":{"line":35,"column":4},"end":{"line":41,"column":4}}},"5":{"name":"getEncodedHTML_TagType_1_Few","line":44,"loc":{"start":{"line":44,"column":4},"end":{"line":50,"column":4}}},"6":{"name":"getEncodedHTML_TagType_2_Few","line":53,"loc":{"start":{"line":53,"column":4},"end":{"line":59,"column":4}}},"7":{"name":"getEncodedHTML_TagType_0_Many","line":62,"loc":{"start":{"line":62,"column":4},"end":{"line":68,"column":4}}},"8":{"name":"getEncodedHTML_TagType_1_Many","line":71,"loc":{"start":{"line":71,"column":4},"end":{"line":77,"column":4}}},"9":{"name":"getEncodedHTML_TagType_2_Many","line":80,"loc":{"start":{"line":80,"column":4},"end":{"line":86,"column":4}}},"10":{"name":"getHTMLURLSafe_Few","line":89,"loc":{"start":{"line":89,"column":4},"end":{"line":95,"column":4}}},"11":{"name":"getHTMLURLSafe_Many","line":98,"loc":{"start":{"line":98,"column":4},"end":{"line":104,"column":4}}}},"statementMap":{"1":{"start":{"line":13,"column":8},"end":{"line":13,"column":53}},"2":{"start":{"line":20,"column":8},"end":{"line":20,"column":630}},"3":{"start":{"line":29,"column":8},"end":{"line":29,"column":911}},"4":{"start":{"line":38,"column":8},"end":{"line":38,"column":1186}},"5":{"start":{"line":47,"column":8},"end":{"line":47,"column":1446}},"6":{"start":{"line":56,"column":8},"end":{"line":56,"column":1706}},"7":{"start":{"line":65,"column":8},"end":{"line":65,"column":1967}},"8":{"start":{"line":74,"column":8},"end":{"line":74,"column":2228}},"9":{"start":{"line":83,"column":8},"end":{"line":83,"column":2489}},"10":{"start":{"line":92,"column":8},"end":{"line":92,"column":2739}},"11":{"start":{"line":101,"column":8},"end":{"line":101,"column":2990}}},"branchMap":{}}}